<?xml version="1.0" encoding="UTF-8"?>
<!-- Generated by org.testng.reporters.JUnitXMLReporter -->
<testsuite hostname="PUNITP273891L" name="Chrome_Test" tests="1" failures="0" timestamp="4 Jun 2020 13:45:16 GMT" time="3.696" errors="0">
  <testcase name="@BeforeClass setup" time="0.0" classname="com.hms.testcases.DashboardPageTest">
    <failure type="org.openqa.selenium.SessionNotCreatedException" message="session not created: This version of ChromeDriver only supports Chrome version 81
Build info: version: &amp;apos;3.141.59&amp;apos;, revision: &amp;apos;e82be7d358&amp;apos;, time: &amp;apos;2018-11-14T08:25:53&amp;apos;
System info: host: &amp;apos;PUNITP273891L&amp;apos;, ip: &amp;apos;192.168.0.107&amp;apos;, os.name: &amp;apos;Windows 10&amp;apos;, os.arch: &amp;apos;amd64&amp;apos;, os.version: &amp;apos;10.0&amp;apos;, java.version: &amp;apos;1.8.0_202&amp;apos;
Driver info: driver.version: ChromeDriver
remote stacktrace: Backtrace:
	Ordinal0 [0x00E55E93+2449043]
	Ordinal0 [0x00D88281+1606273]
	Ordinal0 [0x00C7F889+522377]
	Ordinal0 [0x00C105F3+67059]
	Ordinal0 [0x00C0CD92+52626]
	Ordinal0 [0x00C2C127+180519]
	Ordinal0 [0x00C2BF2D+180013]
	Ordinal0 [0x00C29E5B+171611]
	Ordinal0 [0x00C11DD8+73176]
	Ordinal0 [0x00C12E50+77392]
	Ordinal0 [0x00C12DE9+77289]
	Ordinal0 [0x00D9D7F7+1693687]
	GetHandleVerifier [0x00EF4576+522742]
	GetHandleVerifier [0x00EF42B4+522036]
	GetHandleVerifier [0x00F09587+608775]
	GetHandleVerifier [0x00EF4DE6+524902]
	Ordinal0 [0x00D95BDC+1661916]
	Ordinal0 [0x00D9F15B+1700187]
	Ordinal0 [0x00D9F2C3+1700547]
	Ordinal0 [0x00DB5135+1790261]
	BaseThreadInitThunk [0x73FF8494+36]
	RtlAreBitsSet [0x77544328+136]
	RtlAreBitsSet [0x775442F8+88]
">
      <![CDATA[org.openqa.selenium.SessionNotCreatedException: session not created: This version of ChromeDriver only supports Chrome version 81
Build info: version: '3.141.59', revision: 'e82be7d358', time: '2018-11-14T08:25:53'
System info: host: 'PUNITP273891L', ip: '192.168.0.107', os.name: 'Windows 10', os.arch: 'amd64', os.version: '10.0', java.version: '1.8.0_202'
Driver info: driver.version: ChromeDriver
remote stacktrace: Backtrace:
	Ordinal0 [0x00E55E93+2449043]
	Ordinal0 [0x00D88281+1606273]
	Ordinal0 [0x00C7F889+522377]
	Ordinal0 [0x00C105F3+67059]
	Ordinal0 [0x00C0CD92+52626]
	Ordinal0 [0x00C2C127+180519]
	Ordinal0 [0x00C2BF2D+180013]
	Ordinal0 [0x00C29E5B+171611]
	Ordinal0 [0x00C11DD8+73176]
	Ordinal0 [0x00C12E50+77392]
	Ordinal0 [0x00C12DE9+77289]
	Ordinal0 [0x00D9D7F7+1693687]
	GetHandleVerifier [0x00EF4576+522742]
	GetHandleVerifier [0x00EF42B4+522036]
	GetHandleVerifier [0x00F09587+608775]
	GetHandleVerifier [0x00EF4DE6+524902]
	Ordinal0 [0x00D95BDC+1661916]
	Ordinal0 [0x00D9F15B+1700187]
	Ordinal0 [0x00D9F2C3+1700547]
	Ordinal0 [0x00DB5135+1790261]
	BaseThreadInitThunk [0x73FF8494+36]
	RtlAreBitsSet [0x77544328+136]
	RtlAreBitsSet [0x775442F8+88]

	at org.openqa.selenium.remote.W3CHandshakeResponse.lambda$errorHandler$0(W3CHandshakeResponse.java:62)
	at org.openqa.selenium.remote.W3CHandshakeResponse$$Lambda$215.0000000012DAF590.apply(Unknown Source)
	at org.openqa.selenium.remote.HandshakeResponse.lambda$getResponseFunction$0(HandshakeResponse.java:30)
	at org.openqa.selenium.remote.HandshakeResponse$$Lambda$210.0000000011140060.apply(Unknown Source)
	at org.openqa.selenium.remote.ProtocolHandshake.lambda$createSession$0(ProtocolHandshake.java:126)
	at org.openqa.selenium.remote.ProtocolHandshake$$Lambda$211.00000000112E28D0.apply(Unknown Source)
	at java.util.stream.ReferencePipeline$3$1.accept(ReferencePipeline.java:193)
	at java.util.Spliterators$ArraySpliterator.tryAdvance(Spliterators.java:958)
	at java.util.stream.ReferencePipeline.forEachWithCancel(ReferencePipeline.java:126)
	at java.util.stream.AbstractPipeline.copyIntoWithCancel(AbstractPipeline.java:513)
	at java.util.stream.AbstractPipeline.copyInto(AbstractPipeline.java:500)
	at java.util.stream.AbstractPipeline.wrapAndCopyInto(AbstractPipeline.java:486)
	at java.util.stream.FindOps$FindOp.evaluateSequential(FindOps.java:152)
	at java.util.stream.AbstractPipeline.evaluate(AbstractPipeline.java:241)
	at java.util.stream.ReferencePipeline.findFirst(ReferencePipeline.java:464)
	at org.openqa.selenium.remote.ProtocolHandshake.createSession(ProtocolHandshake.java:128)
	at org.openqa.selenium.remote.ProtocolHandshake.createSession(ProtocolHandshake.java:74)
	at org.openqa.selenium.remote.HttpCommandExecutor.execute(HttpCommandExecutor.java:136)
	at org.openqa.selenium.remote.service.DriverCommandExecutor.execute(DriverCommandExecutor.java:83)
	at org.openqa.selenium.remote.RemoteWebDriver.execute(RemoteWebDriver.java:552)
	at org.openqa.selenium.remote.RemoteWebDriver.startSession(RemoteWebDriver.java:213)
	at org.openqa.selenium.remote.RemoteWebDriver.<init>(RemoteWebDriver.java:131)
	at org.openqa.selenium.chrome.ChromeDriver.<init>(ChromeDriver.java:181)
	at org.openqa.selenium.chrome.ChromeDriver.<init>(ChromeDriver.java:168)
	at org.openqa.selenium.chrome.ChromeDriver.<init>(ChromeDriver.java:123)
	at com.hms.setup.BasePage.initilaize(BasePage.java:38)
	at com.hms.setup.BasePage.setup(BasePage.java:50)
	at java.util.concurrent.FutureTask.run(FutureTask.java:266)
	at java.util.concurrent.ThreadPoolExecutor.runWorker(ThreadPoolExecutor.java:1149)
	at java.util.concurrent.ThreadPoolExecutor$Worker.run(ThreadPoolExecutor.java:624)
	at java.lang.Thread.run(Thread.java:813)
... Removed 20 stack frames]]>
    </failure>
  </testcase> <!-- @BeforeClass setup -->
  <testcase name="@BeforeClass setup" time="0.0" classname="com.hms.testcases.DashboardPageTest">
    <skipped/>
  </testcase> <!-- @BeforeClass setup -->
  <testcase name="@AfterClass teardown" time="0.0" classname="com.hms.testcases.DashboardPageTest">
    <skipped/>
  </testcase> <!-- @AfterClass teardown -->
  <testcase name="verifyLogin" time="0.0" classname="com.hms.testcases.DashboardPageTest">
    <skipped/>
  </testcase> <!-- verifyLogin -->
</testsuite> <!-- Chrome_Test -->
